08-02-2016 @ 09:45:07 - Queuing 2.5.0 - wc_update_250_currency
08-02-2016 @ 09:45:07 - Queuing 2.5.0 - wc_update_250_db_version
08-02-2016 @ 09:45:07 - Queuing 2.6.0 - wc_update_260_options
08-02-2016 @ 09:45:07 - Queuing 2.6.0 - wc_update_260_termmeta
08-02-2016 @ 09:45:07 - Queuing 2.6.0 - wc_update_260_zones
08-02-2016 @ 09:45:07 - Queuing 2.6.0 - wc_update_260_zone_methods
08-02-2016 @ 09:45:07 - Queuing 2.6.0 - wc_update_260_refunds
08-02-2016 @ 09:45:07 - Queuing 2.6.0 - wc_update_260_db_version
08-02-2016 @ 09:45:08 - Running wc_update_250_currency callback
08-02-2016 @ 09:45:08 - Finished wc_update_250_currency callback
08-02-2016 @ 09:45:08 - Running wc_update_250_db_version callback
08-02-2016 @ 09:45:08 - Finished wc_update_250_db_version callback
08-02-2016 @ 09:45:08 - Running wc_update_260_options callback
08-02-2016 @ 09:45:08 - Finished wc_update_260_options callback
08-02-2016 @ 09:45:08 - Running wc_update_260_termmeta callback
08-02-2016 @ 09:45:08 - Finished wc_update_260_termmeta callback
08-02-2016 @ 09:45:08 - Running wc_update_260_zones callback
08-02-2016 @ 09:45:08 - Finished wc_update_260_zones callback
08-02-2016 @ 09:45:08 - Running wc_update_260_zone_methods callback
08-02-2016 @ 09:45:08 - Finished wc_update_260_zone_methods callback
08-02-2016 @ 09:45:08 - Running wc_update_260_refunds callback
08-02-2016 @ 09:45:08 - Finished wc_update_260_refunds callback
08-02-2016 @ 09:45:08 - Running wc_update_260_db_version callback
08-02-2016 @ 09:45:08 - Finished wc_update_260_db_version callback
08-02-2016 @ 09:45:08 - Data update complete
